
> @nexus/admin@0.1.0 type-check
> tsc --noEmit

app/clients/__tests__/NewClientPage.test.tsx(191,23): error TS2345: Argument of type 'HTMLElement | undefined' is not assignable to parameter of type 'Element | Node | Document | Window'.
  Type 'undefined' is not assignable to type 'Element | Node | Document | Window'.
app/clients/__tests__/NewClientPage.test.tsx(215,23): error TS2345: Argument of type 'HTMLElement | undefined' is not assignable to parameter of type 'Element'.
  Type 'undefined' is not assignable to type 'Element'.
app/clients/__tests__/NewClientPage.test.tsx(216,23): error TS2345: Argument of type 'HTMLElement | undefined' is not assignable to parameter of type 'Element'.
  Type 'undefined' is not assignable to type 'Element'.
app/clients/__tests__/NewClientPage.test.tsx(311,23): error TS2345: Argument of type 'HTMLElement | undefined' is not assignable to parameter of type 'Element'.
  Type 'undefined' is not assignable to type 'Element'.
app/clients/__tests__/NewClientPage.test.tsx(312,23): error TS2345: Argument of type 'HTMLElement | undefined' is not assignable to parameter of type 'Element'.
  Type 'undefined' is not assignable to type 'Element'.
app/clients/__tests__/NewClientPage.test.tsx(387,23): error TS2345: Argument of type 'HTMLElement | undefined' is not assignable to parameter of type 'Element | Node | Document | Window'.
  Type 'undefined' is not assignable to type 'Element | Node | Document | Window'.
app/clients/__tests__/NewClientPage.test.tsx(393,23): error TS2345: Argument of type 'HTMLElement | undefined' is not assignable to parameter of type 'Element | Node | Document | Window'.
  Type 'undefined' is not assignable to type 'Element | Node | Document | Window'.
app/clients/__tests__/NewClientPage.test.tsx(396,25): error TS2345: Argument of type 'HTMLElement | undefined' is not assignable to parameter of type 'Element | Node | Document | Window'.
  Type 'undefined' is not assignable to type 'Element | Node | Document | Window'.
app/clients/__tests__/validation.test.ts(28,16): error TS2532: Object is possibly 'undefined'.
app/clients/__tests__/validation.test.ts(81,16): error TS2532: Object is possibly 'undefined'.
app/clients/__tests__/validation.test.ts(94,16): error TS2532: Object is possibly 'undefined'.
app/clients/__tests__/validation.test.ts(107,16): error TS2532: Object is possibly 'undefined'.
app/clients/__tests__/validation.test.ts(134,16): error TS2532: Object is possibly 'undefined'.
app/clients/__tests__/validation.test.ts(206,16): error TS2532: Object is possibly 'undefined'.
app/clients/__tests__/validation.test.ts(272,16): error TS2532: Object is possibly 'undefined'.
app/clients/__tests__/validation.test.ts(285,16): error TS2532: Object is possibly 'undefined'.
app/clients/__tests__/validation.test.ts(306,18): error TS2532: Object is possibly 'undefined'.
app/clients/__tests__/validation.test.ts(344,16): error TS2532: Object is possibly 'undefined'.
app/clients/__tests__/validation.test.ts(375,16): error TS2532: Object is possibly 'undefined'.
app/clients/__tests__/validation.test.ts(392,16): error TS2532: Object is possibly 'undefined'.
app/users/__tests__/UsersPage.test.tsx(60,21): error TS7006: Parameter 'user' implicitly has an 'any' type.
app/users/__tests__/UsersPage.test.tsx(243,23): error TS2345: Argument of type 'HTMLElement | undefined' is not assignable to parameter of type 'Element | Node | Document | Window'.
  Type 'undefined' is not assignable to type 'Element | Node | Document | Window'.
app/users/__tests__/UsersPage.test.tsx(254,23): error TS2345: Argument of type 'HTMLElement | undefined' is not assignable to parameter of type 'Element | Node | Document | Window'.
  Type 'undefined' is not assignable to type 'Element | Node | Document | Window'.
app/users/__tests__/UsersPage.test.tsx(279,23): error TS2345: Argument of type 'HTMLElement | undefined' is not assignable to parameter of type 'Element | Node | Document | Window'.
  Type 'undefined' is not assignable to type 'Element | Node | Document | Window'.
app/users/__tests__/UsersPage.test.tsx(290,23): error TS2345: Argument of type 'HTMLElement | undefined' is not assignable to parameter of type 'Element | Node | Document | Window'.
  Type 'undefined' is not assignable to type 'Element | Node | Document | Window'.
app/users/__tests__/UsersPage.test.tsx(312,23): error TS2345: Argument of type 'HTMLElement | undefined' is not assignable to parameter of type 'Element | Node | Document | Window'.
  Type 'undefined' is not assignable to type 'Element | Node | Document | Window'.
app/users/__tests__/validation.test.ts(31,16): error TS2532: Object is possibly 'undefined'.
app/users/__tests__/validation.test.ts(45,16): error TS2532: Object is possibly 'undefined'.
app/users/__tests__/validation.test.ts(60,16): error TS2532: Object is possibly 'undefined'.
app/users/__tests__/validation.test.ts(76,16): error TS2532: Object is possibly 'undefined'.
app/users/__tests__/validation.test.ts(107,16): error TS2532: Object is possibly 'undefined'.
npm ERR! Lifecycle script `type-check` failed with error: 
npm ERR! Error: command failed 
npm ERR!   in workspace: @nexus/admin@0.1.0 
npm ERR!   at location: /Users/adriangillette/Documents/consulting/Braintrust/nexus/apps/admin 
